<?xml version="1.0" encoding="UTF-8"?>
<!-- Generated by org.testng.reporters.JUnitXMLReporter -->
<testsuite ignored="0" hostname="PC" failures="0" tests="3" name="Default test" time="3.907" errors="0" timestamp="2025-11-27T18:31:16 IST">
  <testcase classname="com.api.testDriven.CreateJobAPIJsonDataDrivenTest" name="createJobAPITest" time="3.597"/>
  <testcase classname="com.api.testDriven.CreateJobAPIJsonDataDrivenTest" name="createJobAPITest" time="3.597"/>
  <testcase classname="com.api.testDriven.CreateJobAPIJsonDataDrivenTest" name="createJobAPITest" time="3.597"/>
</testsuite> <!-- Default test -->
