<?xml version="1.0" encoding="UTF-8"?>
<!-- Generated by org.testng.reporters.JUnitXMLReporter -->
<testsuite ignored="0" hostname="PC" failures="0" tests="4" name="Default test" time="4.834" errors="0" timestamp="2025-11-29T18:52:02 IST">
  <testcase classname="com.api.testDriven.CreateJobAPIExcelDataDrivenTest" name="createJobAPITest" time="3.798"/>
  <testcase classname="com.api.testDriven.CreateJobAPIExcelDataDrivenTest" name="createJobAPITest" time="3.798"/>
  <testcase classname="com.api.testDriven.CreateJobAPIExcelDataDrivenTest" name="createJobAPITest" time="3.798"/>
  <testcase classname="com.api.testDriven.CreateJobAPIExcelDataDrivenTest" name="createJobAPITest" time="3.798"/>
</testsuite> <!-- Default test -->
