<?xml version="1.0" encoding="UTF-8"?>
<!-- Generated by org.testng.reporters.JUnitXMLReporter -->
<testsuite ignored="0" hostname="PC" failures="0" tests="3" name="Default test" time="5.792" errors="0" timestamp="2025-11-29T00:43:31 IST">
  <testcase classname="com.api.testDriven.LoginAPIExcelDatDrivenTest" name="loginAPITest" time="4.421"/>
  <testcase classname="com.api.testDriven.LoginAPIExcelDatDrivenTest" name="loginAPITest" time="4.422"/>
  <testcase classname="com.api.testDriven.LoginAPIExcelDatDrivenTest" name="loginAPITest" time="4.421"/>
</testsuite> <!-- Default test -->
