<?xml version="1.0" encoding="UTF-8"?>
<testng-results ignored="0" total="2" passed="2" failed="0" skipped="0">
  <reporter-output>
  </reporter-output>
  <suite started-at="2025-11-28T00:05:38 IST" name="Default suite" finished-at="2025-11-28T00:05:42 IST" duration-ms="4504">
    <groups>
      <group name="regression">
        <method signature="LoginAPIExcelDatDrivenTest.loginAPITest(com.api.request.model.UserCredentials)[pri:0, instance:com.api.testDriven.LoginAPIExcelDatDrivenTest@428640fa]" name="loginAPITest" class="com.api.testDriven.LoginAPIExcelDatDrivenTest"/>
      </group> <!-- regression -->
      <group name="smoke">
        <method signature="LoginAPIExcelDatDrivenTest.loginAPITest(com.api.request.model.UserCredentials)[pri:0, instance:com.api.testDriven.LoginAPIExcelDatDrivenTest@428640fa]" name="loginAPITest" class="com.api.testDriven.LoginAPIExcelDatDrivenTest"/>
      </group> <!-- smoke -->
      <group name="api">
        <method signature="LoginAPIExcelDatDrivenTest.loginAPITest(com.api.request.model.UserCredentials)[pri:0, instance:com.api.testDriven.LoginAPIExcelDatDrivenTest@428640fa]" name="loginAPITest" class="com.api.testDriven.LoginAPIExcelDatDrivenTest"/>
      </group> <!-- api -->
    </groups>
    <test started-at="2025-11-28T00:05:38 IST" name="Default test" finished-at="2025-11-28T00:05:42 IST" duration-ms="4504">
      <class name="com.api.testDriven.LoginAPIExcelDatDrivenTest">
        <test-method signature="loginAPITest(com.api.request.model.UserCredentials)[pri:0, instance:com.api.testDriven.LoginAPIExcelDatDrivenTest@428640fa]" started-at="2025-11-28T00:05:39 IST" name="loginAPITest" description="verify login with FD user" data-provider="LoginAPIExcelDataProvider" finished-at="2025-11-28T00:05:42 IST" duration-ms="3598" status="PASS">
          <params>
            <param index="0">
              <value>
                <![CDATA[UserCredentials[username=iamfd, password=password]]]>
              </value>
            </param>
          </params>
          <reporter-output>
          </reporter-output>
        </test-method> <!-- loginAPITest -->
        <test-method signature="loginAPITest(com.api.request.model.UserCredentials)[pri:0, instance:com.api.testDriven.LoginAPIExcelDatDrivenTest@428640fa]" started-at="2025-11-28T00:05:39 IST" name="loginAPITest" description="verify login with FD user" data-provider="LoginAPIExcelDataProvider" finished-at="2025-11-28T00:05:42 IST" duration-ms="3598" status="PASS">
          <params>
            <param index="0">
              <value>
                <![CDATA[UserCredentials[username=iamsup, password=password]]]>
              </value>
            </param>
          </params>
          <reporter-output>
          </reporter-output>
        </test-method> <!-- loginAPITest -->
      </class> <!-- com.api.testDriven.LoginAPIExcelDatDrivenTest -->
    </test> <!-- Default test -->
  </suite> <!-- Default suite -->
</testng-results>
