<?xml version="1.0" encoding="UTF-8"?>
<testng-results ignored="0" total="1" passed="1" failed="0" skipped="0">
  <reporter-output>
  </reporter-output>
  <suite started-at="2025-11-16T12:48:43 IST" name="Default suite" finished-at="2025-11-16T12:48:46 IST" duration-ms="3037">
    <groups>
    </groups>
    <test started-at="2025-11-16T12:48:43 IST" name="Default test" finished-at="2025-11-16T12:48:46 IST" duration-ms="3037">
      <class name="com.api.test.LoginAPITest">
        <test-method signature="loginAPITest()[pri:0, instance:com.api.test.LoginAPITest@1151e434]" started-at="2025-11-16T12:48:43 IST" name="loginAPITest" finished-at="2025-11-16T12:48:46 IST" duration-ms="2994" status="PASS">
          <reporter-output>
          </reporter-output>
        </test-method> <!-- loginAPITest -->
      </class> <!-- com.api.test.LoginAPITest -->
    </test> <!-- Default test -->
  </suite> <!-- Default suite -->
</testng-results>
