<?xml version="1.0" encoding="UTF-8"?>
<testng-results ignored="0" total="2" passed="2" failed="0" skipped="0">
  <reporter-output>
  </reporter-output>
  <suite started-at="2025-11-11T23:24:21 IST" name="Default suite" finished-at="2025-11-11T23:24:28 IST" duration-ms="7154">
    <groups>
    </groups>
    <test started-at="2025-11-11T23:24:21 IST" name="Default test" finished-at="2025-11-11T23:24:28 IST" duration-ms="7154">
      <class name="com.api.test.MasterAPITest">
        <test-method signature="InvalidTokenForMasterAPI()[pri:0, instance:com.api.test.MasterAPITest@54a7079e]" started-at="2025-11-11T23:24:21 IST" name="InvalidTokenForMasterAPI" finished-at="2025-11-11T23:24:25 IST" duration-ms="4203" status="PASS">
          <reporter-output>
          </reporter-output>
        </test-method> <!-- InvalidTokenForMasterAPI -->
        <test-method signature="MasterAPITest()[pri:0, instance:com.api.test.MasterAPITest@54a7079e]" started-at="2025-11-11T23:24:25 IST" name="MasterAPITest" finished-at="2025-11-11T23:24:28 IST" duration-ms="2860" status="PASS">
          <reporter-output>
          </reporter-output>
        </test-method> <!-- MasterAPITest -->
      </class> <!-- com.api.test.MasterAPITest -->
    </test> <!-- Default test -->
  </suite> <!-- Default suite -->
</testng-results>
