<?xml version="1.0" encoding="UTF-8"?>
<testng-results ignored="0" total="3" passed="3" failed="0" skipped="0">
  <reporter-output>
  </reporter-output>
  <suite started-at="2025-11-29T00:43:25 IST" name="Default suite" finished-at="2025-11-29T00:43:31 IST" duration-ms="5792">
    <groups>
      <group name="regression">
        <method signature="LoginAPIExcelDatDrivenTest.loginAPITest(com.dataProvider.api.beans.UserBean)[pri:0, instance:com.api.testDriven.LoginAPIExcelDatDrivenTest@29215f06]" name="loginAPITest" class="com.api.testDriven.LoginAPIExcelDatDrivenTest"/>
      </group> <!-- regression -->
      <group name="smoke">
        <method signature="LoginAPIExcelDatDrivenTest.loginAPITest(com.dataProvider.api.beans.UserBean)[pri:0, instance:com.api.testDriven.LoginAPIExcelDatDrivenTest@29215f06]" name="loginAPITest" class="com.api.testDriven.LoginAPIExcelDatDrivenTest"/>
      </group> <!-- smoke -->
      <group name="api">
        <method signature="LoginAPIExcelDatDrivenTest.loginAPITest(com.dataProvider.api.beans.UserBean)[pri:0, instance:com.api.testDriven.LoginAPIExcelDatDrivenTest@29215f06]" name="loginAPITest" class="com.api.testDriven.LoginAPIExcelDatDrivenTest"/>
      </group> <!-- api -->
    </groups>
    <test started-at="2025-11-29T00:43:25 IST" name="Default test" finished-at="2025-11-29T00:43:31 IST" duration-ms="5792">
      <class name="com.api.testDriven.LoginAPIExcelDatDrivenTest">
        <test-method signature="loginAPITest(com.dataProvider.api.beans.UserBean)[pri:0, instance:com.api.testDriven.LoginAPIExcelDatDrivenTest@29215f06]" started-at="2025-11-29T00:43:26 IST" name="loginAPITest" description="verify login with FD user" data-provider="LoginAPIExcelDataProvider" finished-at="2025-11-29T00:43:31 IST" duration-ms="4421" status="PASS">
          <params>
            <param index="0">
              <value>
                <![CDATA[UserPOJO [username=iamsup, password=password]]]>
              </value>
            </param>
          </params>
          <reporter-output>
          </reporter-output>
        </test-method> <!-- loginAPITest -->
        <test-method signature="loginAPITest(com.dataProvider.api.beans.UserBean)[pri:0, instance:com.api.testDriven.LoginAPIExcelDatDrivenTest@29215f06]" started-at="2025-11-29T00:43:26 IST" name="loginAPITest" description="verify login with FD user" data-provider="LoginAPIExcelDataProvider" finished-at="2025-11-29T00:43:31 IST" duration-ms="4422" status="PASS">
          <params>
            <param index="0">
              <value>
                <![CDATA[UserPOJO [username=iameng, password=password]]]>
              </value>
            </param>
          </params>
          <reporter-output>
          </reporter-output>
        </test-method> <!-- loginAPITest -->
        <test-method signature="loginAPITest(com.dataProvider.api.beans.UserBean)[pri:0, instance:com.api.testDriven.LoginAPIExcelDatDrivenTest@29215f06]" started-at="2025-11-29T00:43:26 IST" name="loginAPITest" description="verify login with FD user" data-provider="LoginAPIExcelDataProvider" finished-at="2025-11-29T00:43:31 IST" duration-ms="4421" status="PASS">
          <params>
            <param index="0">
              <value>
                <![CDATA[UserPOJO [username=iamfd, password=password]]]>
              </value>
            </param>
          </params>
          <reporter-output>
          </reporter-output>
        </test-method> <!-- loginAPITest -->
      </class> <!-- com.api.testDriven.LoginAPIExcelDatDrivenTest -->
    </test> <!-- Default test -->
  </suite> <!-- Default suite -->
</testng-results>
