<?xml version="1.0" encoding="UTF-8"?>
<!-- Generated by org.testng.reporters.JUnitReportReporter -->
<testsuite hostname="PC" failures="0" tests="2" name="com.api.test.CountAPITest" time="6.723" errors="0" timestamp="2025-11-11T21:56:39 IST" skipped="0">
  <testcase classname="com.api.test.CountAPITest" name="VerifyCountAPIResponse" time="5.422"/>
  <testcase classname="com.api.test.CountAPITest" name="countAPITest_MissingAutoToken" time="1.301"/>
</testsuite> <!-- com.api.test.CountAPITest -->
